1742734507.823681 client started (7040): version 3.5a, socket /tmp/tmux-1000/default, protocol 8
1742734507.823751 on Linux 6.13.7-arch1-1 #1 SMP PREEMPT_DYNAMIC Thu, 13 Mar 2025 18:12:00 +0000
1742734507.823764 using libevent 2.1.12-stable poll
1742734507.823773 using ncurses 6.5 20240427
1742734507.823808 flags are 0x10010000
1742734507.823850 socket is /tmp/tmux-1000/default
1742734507.823877 trying connect
1742734507.824015 add peer 0x5c441eb7e630: 6 ((nil))
1742734507.824764 sending message 111 to peer 0x5c441eb7e630 (8 bytes)
1742734507.824800 sending message 111 to peer 0x5c441eb7e630 (8 bytes)
1742734507.824809 sending message 101 to peer 0x5c441eb7e630 (14 bytes)
1742734507.824817 sending message 109 to peer 0x5c441eb7e630 (4 bytes)
1742734507.824824 sending message 102 to peer 0x5c441eb7e630 (11 bytes)
1742734507.824832 sending message 108 to peer 0x5c441eb7e630 (39 bytes)
1742734507.824840 sending message 112 to peer 0x5c441eb7e630 (70 bytes)
1742734507.824848 sending message 112 to peer 0x5c441eb7e630 (5 bytes)
1742734507.824855 sending message 112 to peer 0x5c441eb7e630 (5 bytes)
1742734507.824863 sending message 112 to peer 0x5c441eb7e630 (6 bytes)
1742734507.824870 sending message 112 to peer 0x5c441eb7e630 (6 bytes)
1742734507.824879 sending message 112 to peer 0x5c441eb7e630 (11 bytes)
1742734507.824886 sending message 112 to peer 0x5c441eb7e630 (10 bytes)
1742734507.824893 sending message 112 to peer 0x5c441eb7e630 (13 bytes)
1742734507.824912 sending message 112 to peer 0x5c441eb7e630 (13 bytes)
1742734507.824920 sending message 112 to peer 0x5c441eb7e630 (18 bytes)
1742734507.824931 sending message 112 to peer 0x5c441eb7e630 (11 bytes)
1742734507.824939 sending message 112 to peer 0x5c441eb7e630 (10 bytes)
1742734507.824952 sending message 112 to peer 0x5c441eb7e630 (15 bytes)
1742734507.824961 sending message 112 to peer 0x5c441eb7e630 (21 bytes)
1742734507.824969 sending message 112 to peer 0x5c441eb7e630 (13 bytes)
1742734507.824976 sending message 112 to peer 0x5c441eb7e630 (7 bytes)
1742734507.824984 sending message 112 to peer 0x5c441eb7e630 (13 bytes)
1742734507.824997 sending message 112 to peer 0x5c441eb7e630 (7 bytes)
1742734507.825005 sending message 112 to peer 0x5c441eb7e630 (13 bytes)
1742734507.825019 sending message 112 to peer 0x5c441eb7e630 (9 bytes)
1742734507.825028 sending message 112 to peer 0x5c441eb7e630 (21 bytes)
1742734507.825036 sending message 112 to peer 0x5c441eb7e630 (13 bytes)
1742734507.825044 sending message 112 to peer 0x5c441eb7e630 (8 bytes)
1742734507.825052 sending message 112 to peer 0x5c441eb7e630 (12 bytes)
1742734507.825060 sending message 112 to peer 0x5c441eb7e630 (13 bytes)
1742734507.825067 sending message 112 to peer 0x5c441eb7e630 (9 bytes)
1742734507.825076 sending message 112 to peer 0x5c441eb7e630 (9 bytes)
1742734507.825085 sending message 112 to peer 0x5c441eb7e630 (12 bytes)
1742734507.825095 sending message 112 to peer 0x5c441eb7e630 (8 bytes)
1742734507.825103 sending message 112 to peer 0x5c441eb7e630 (8 bytes)
1742734507.825112 sending message 112 to peer 0x5c441eb7e630 (7 bytes)
1742734507.825122 sending message 112 to peer 0x5c441eb7e630 (7 bytes)
1742734507.825130 sending message 112 to peer 0x5c441eb7e630 (9 bytes)
1742734507.825144 sending message 112 to peer 0x5c441eb7e630 (13 bytes)
1742734507.825153 sending message 112 to peer 0x5c441eb7e630 (6 bytes)
1742734507.825161 sending message 112 to peer 0x5c441eb7e630 (9 bytes)
1742734507.825169 sending message 112 to peer 0x5c441eb7e630 (15 bytes)
1742734507.825177 sending message 112 to peer 0x5c441eb7e630 (13 bytes)
1742734507.825185 sending message 112 to peer 0x5c441eb7e630 (12 bytes)
1742734507.825198 sending message 112 to peer 0x5c441eb7e630 (8 bytes)
1742734507.825206 sending message 112 to peer 0x5c441eb7e630 (14 bytes)
1742734507.825218 sending message 112 to peer 0x5c441eb7e630 (11 bytes)
1742734507.825226 sending message 112 to peer 0x5c441eb7e630 (9 bytes)
1742734507.825240 sending message 112 to peer 0x5c441eb7e630 (10 bytes)
1742734507.825248 sending message 112 to peer 0x5c441eb7e630 (10 bytes)
1742734507.825277 sending message 112 to peer 0x5c441eb7e630 (10 bytes)
1742734507.825286 sending message 112 to peer 0x5c441eb7e630 (10 bytes)
1742734507.825294 sending message 112 to peer 0x5c441eb7e630 (11 bytes)
1742734507.825302 sending message 112 to peer 0x5c441eb7e630 (12 bytes)
1742734507.825310 sending message 112 to peer 0x5c441eb7e630 (12 bytes)
1742734507.825323 sending message 112 to peer 0x5c441eb7e630 (12 bytes)
1742734507.825332 sending message 112 to peer 0x5c441eb7e630 (12 bytes)
1742734507.825343 sending message 112 to peer 0x5c441eb7e630 (12 bytes)
1742734507.825353 sending message 112 to peer 0x5c441eb7e630 (11 bytes)
1742734507.825366 sending message 112 to peer 0x5c441eb7e630 (11 bytes)
1742734507.825373 sending message 112 to peer 0x5c441eb7e630 (12 bytes)
1742734507.825382 sending message 112 to peer 0x5c441eb7e630 (12 bytes)
1742734507.825391 sending message 112 to peer 0x5c441eb7e630 (12 bytes)
1742734507.825401 sending message 112 to peer 0x5c441eb7e630 (12 bytes)
1742734507.825410 sending message 112 to peer 0x5c441eb7e630 (12 bytes)
1742734507.825423 sending message 112 to peer 0x5c441eb7e630 (10 bytes)
1742734507.825430 sending message 112 to peer 0x5c441eb7e630 (12 bytes)
1742734507.825438 sending message 112 to peer 0x5c441eb7e630 (13 bytes)
1742734507.825447 sending message 112 to peer 0x5c441eb7e630 (13 bytes)
1742734507.825455 sending message 112 to peer 0x5c441eb7e630 (13 bytes)
1742734507.825467 sending message 112 to peer 0x5c441eb7e630 (13 bytes)
1742734507.825474 sending message 112 to peer 0x5c441eb7e630 (13 bytes)
1742734507.825483 sending message 112 to peer 0x5c441eb7e630 (8 bytes)
1742734507.825492 sending message 112 to peer 0x5c441eb7e630 (11 bytes)
1742734507.825503 sending message 112 to peer 0x5c441eb7e630 (11 bytes)
1742734507.825511 sending message 112 to peer 0x5c441eb7e630 (11 bytes)
1742734507.825519 sending message 112 to peer 0x5c441eb7e630 (12 bytes)
1742734507.825546 sending message 112 to peer 0x5c441eb7e630 (12 bytes)
1742734507.825560 sending message 112 to peer 0x5c441eb7e630 (12 bytes)
1742734507.825569 sending message 112 to peer 0x5c441eb7e630 (12 bytes)
1742734507.825580 sending message 112 to peer 0x5c441eb7e630 (13 bytes)
1742734507.825605 sending message 112 to peer 0x5c441eb7e630 (13 bytes)
1742734507.825614 sending message 112 to peer 0x5c441eb7e630 (13 bytes)
1742734507.825622 sending message 112 to peer 0x5c441eb7e630 (8 bytes)
1742734507.825631 sending message 112 to peer 0x5c441eb7e630 (13 bytes)
1742734507.825638 sending message 112 to peer 0x5c441eb7e630 (13 bytes)
1742734507.825648 sending message 112 to peer 0x5c441eb7e630 (13 bytes)
1742734507.825678 sending message 112 to peer 0x5c441eb7e630 (13 bytes)
1742734507.825692 sending message 112 to peer 0x5c441eb7e630 (13 bytes)
1742734507.825700 sending message 112 to peer 0x5c441eb7e630 (12 bytes)
1742734507.825708 sending message 112 to peer 0x5c441eb7e630 (12 bytes)
1742734507.825716 sending message 112 to peer 0x5c441eb7e630 (12 bytes)
1742734507.825723 sending message 112 to peer 0x5c441eb7e630 (12 bytes)
1742734507.825733 sending message 112 to peer 0x5c441eb7e630 (13 bytes)
1742734507.825741 sending message 112 to peer 0x5c441eb7e630 (8 bytes)
1742734507.825749 sending message 112 to peer 0x5c441eb7e630 (13 bytes)
1742734507.825760 sending message 112 to peer 0x5c441eb7e630 (13 bytes)
1742734507.825768 sending message 112 to peer 0x5c441eb7e630 (13 bytes)
1742734507.825775 sending message 112 to peer 0x5c441eb7e630 (13 bytes)
1742734507.825784 sending message 112 to peer 0x5c441eb7e630 (13 bytes)
1742734507.825794 sending message 112 to peer 0x5c441eb7e630 (13 bytes)
1742734507.825803 sending message 112 to peer 0x5c441eb7e630 (13 bytes)
1742734507.825813 sending message 112 to peer 0x5c441eb7e630 (12 bytes)
1742734507.825821 sending message 112 to peer 0x5c441eb7e630 (12 bytes)
1742734507.825831 sending message 112 to peer 0x5c441eb7e630 (12 bytes)
1742734507.825840 sending message 112 to peer 0x5c441eb7e630 (8 bytes)
1742734507.825852 sending message 112 to peer 0x5c441eb7e630 (12 bytes)
1742734507.825873 sending message 112 to peer 0x5c441eb7e630 (13 bytes)
1742734507.825884 sending message 112 to peer 0x5c441eb7e630 (13 bytes)
1742734507.825892 sending message 112 to peer 0x5c441eb7e630 (13 bytes)
1742734507.825906 sending message 112 to peer 0x5c441eb7e630 (13 bytes)
1742734507.825914 sending message 112 to peer 0x5c441eb7e630 (13 bytes)
1742734507.825924 sending message 112 to peer 0x5c441eb7e630 (13 bytes)
1742734507.825933 sending message 112 to peer 0x5c441eb7e630 (13 bytes)
1742734507.825941 sending message 112 to peer 0x5c441eb7e630 (13 bytes)
1742734507.825963 sending message 112 to peer 0x5c441eb7e630 (12 bytes)
1742734507.825965 sending message 112 to peer 0x5c441eb7e630 (10 bytes)
1742734507.825968 sending message 112 to peer 0x5c441eb7e630 (12 bytes)
1742734507.825970 sending message 112 to peer 0x5c441eb7e630 (12 bytes)
1742734507.825972 sending message 112 to peer 0x5c441eb7e630 (12 bytes)
1742734507.825975 sending message 112 to peer 0x5c441eb7e630 (13 bytes)
1742734507.825977 sending message 112 to peer 0x5c441eb7e630 (13 bytes)
1742734507.825979 sending message 112 to peer 0x5c441eb7e630 (13 bytes)
1742734507.825981 sending message 112 to peer 0x5c441eb7e630 (13 bytes)
1742734507.825985 sending message 112 to peer 0x5c441eb7e630 (13 bytes)
1742734507.825987 sending message 112 to peer 0x5c441eb7e630 (13 bytes)
1742734507.825989 sending message 112 to peer 0x5c441eb7e630 (13 bytes)
1742734507.825992 sending message 112 to peer 0x5c441eb7e630 (10 bytes)
1742734507.825994 sending message 112 to peer 0x5c441eb7e630 (13 bytes)
1742734507.825998 sending message 112 to peer 0x5c441eb7e630 (12 bytes)
1742734507.826000 sending message 112 to peer 0x5c441eb7e630 (12 bytes)
1742734507.826001 sending message 112 to peer 0x5c441eb7e630 (12 bytes)
1742734507.826004 sending message 112 to peer 0x5c441eb7e630 (10 bytes)
1742734507.826006 sending message 112 to peer 0x5c441eb7e630 (10 bytes)
1742734507.826009 sending message 112 to peer 0x5c441eb7e630 (10 bytes)
1742734507.826012 sending message 112 to peer 0x5c441eb7e630 (12 bytes)
1742734507.826015 sending message 112 to peer 0x5c441eb7e630 (13 bytes)
1742734507.826017 sending message 112 to peer 0x5c441eb7e630 (13 bytes)
1742734507.826019 sending message 112 to peer 0x5c441eb7e630 (13 bytes)
1742734507.826021 sending message 112 to peer 0x5c441eb7e630 (13 bytes)
1742734507.826024 sending message 112 to peer 0x5c441eb7e630 (13 bytes)
1742734507.826025 sending message 112 to peer 0x5c441eb7e630 (11 bytes)
1742734507.826029 sending message 112 to peer 0x5c441eb7e630 (11 bytes)
1742734507.826031 sending message 112 to peer 0x5c441eb7e630 (12 bytes)
1742734507.826035 sending message 112 to peer 0x5c441eb7e630 (12 bytes)
1742734507.826037 sending message 112 to peer 0x5c441eb7e630 (12 bytes)
1742734507.826040 sending message 112 to peer 0x5c441eb7e630 (12 bytes)
1742734507.826042 sending message 112 to peer 0x5c441eb7e630 (12 bytes)
1742734507.826045 sending message 112 to peer 0x5c441eb7e630 (11 bytes)
1742734507.826047 sending message 112 to peer 0x5c441eb7e630 (12 bytes)
1742734507.826050 sending message 112 to peer 0x5c441eb7e630 (12 bytes)
1742734507.826052 sending message 112 to peer 0x5c441eb7e630 (13 bytes)
1742734507.826055 sending message 112 to peer 0x5c441eb7e630 (13 bytes)
1742734507.826058 sending message 112 to peer 0x5c441eb7e630 (13 bytes)
1742734507.826060 sending message 112 to peer 0x5c441eb7e630 (13 bytes)
1742734507.826064 sending message 112 to peer 0x5c441eb7e630 (13 bytes)
1742734507.826066 sending message 112 to peer 0x5c441eb7e630 (10 bytes)
1742734507.826068 sending message 112 to peer 0x5c441eb7e630 (9 bytes)
1742734507.826070 sending message 112 to peer 0x5c441eb7e630 (12 bytes)
1742734507.826073 sending message 112 to peer 0x5c441eb7e630 (13 bytes)
1742734507.826075 sending message 112 to peer 0x5c441eb7e630 (13 bytes)
1742734507.826077 sending message 112 to peer 0x5c441eb7e630 (13 bytes)
1742734507.826079 sending message 112 to peer 0x5c441eb7e630 (13 bytes)
1742734507.826081 sending message 112 to peer 0x5c441eb7e630 (13 bytes)
1742734507.826086 sending message 112 to peer 0x5c441eb7e630 (9 bytes)
1742734507.826088 sending message 112 to peer 0x5c441eb7e630 (12 bytes)
1742734507.826090 sending message 112 to peer 0x5c441eb7e630 (13 bytes)
1742734507.826093 sending message 112 to peer 0x5c441eb7e630 (13 bytes)
1742734507.826095 sending message 112 to peer 0x5c441eb7e630 (13 bytes)
1742734507.826098 sending message 112 to peer 0x5c441eb7e630 (13 bytes)
1742734507.826100 sending message 112 to peer 0x5c441eb7e630 (13 bytes)
1742734507.826102 sending message 112 to peer 0x5c441eb7e630 (11 bytes)
1742734507.826105 sending message 112 to peer 0x5c441eb7e630 (12 bytes)
1742734507.826107 sending message 112 to peer 0x5c441eb7e630 (13 bytes)
1742734507.826111 sending message 112 to peer 0x5c441eb7e630 (13 bytes)
1742734507.826113 sending message 112 to peer 0x5c441eb7e630 (13 bytes)
1742734507.826116 sending message 112 to peer 0x5c441eb7e630 (13 bytes)
1742734507.826118 sending message 112 to peer 0x5c441eb7e630 (13 bytes)
1742734507.826122 sending message 112 to peer 0x5c441eb7e630 (11 bytes)
1742734507.826124 sending message 112 to peer 0x5c441eb7e630 (12 bytes)
1742734507.826127 sending message 112 to peer 0x5c441eb7e630 (12 bytes)
1742734507.826129 sending message 112 to peer 0x5c441eb7e630 (12 bytes)
1742734507.826132 sending message 112 to peer 0x5c441eb7e630 (12 bytes)
1742734507.826134 sending message 112 to peer 0x5c441eb7e630 (12 bytes)
1742734507.826138 sending message 112 to peer 0x5c441eb7e630 (21 bytes)
1742734507.826141 sending message 112 to peer 0x5c441eb7e630 (12 bytes)
1742734507.826143 sending message 112 to peer 0x5c441eb7e630 (9 bytes)
1742734507.826145 sending message 112 to peer 0x5c441eb7e630 (6 bytes)
1742734507.826147 sending message 112 to peer 0x5c441eb7e630 (13 bytes)
1742734507.826149 sending message 112 to peer 0x5c441eb7e630 (8 bytes)
1742734507.826152 sending message 112 to peer 0x5c441eb7e630 (15 bytes)
1742734507.826154 sending message 112 to peer 0x5c441eb7e630 (13 bytes)
1742734507.826157 sending message 112 to peer 0x5c441eb7e630 (9 bytes)
1742734507.826159 sending message 112 to peer 0x5c441eb7e630 (70 bytes)
1742734507.826162 sending message 112 to peer 0x5c441eb7e630 (69 bytes)
1742734507.826164 sending message 112 to peer 0x5c441eb7e630 (10 bytes)
1742734507.826167 sending message 112 to peer 0x5c441eb7e630 (10 bytes)
1742734507.826169 sending message 112 to peer 0x5c441eb7e630 (8 bytes)
1742734507.826172 sending message 112 to peer 0x5c441eb7e630 (15 bytes)
1742734507.826175 sending message 112 to peer 0x5c441eb7e630 (13 bytes)
1742734507.826177 sending message 112 to peer 0x5c441eb7e630 (10 bytes)
1742734507.826179 sending message 112 to peer 0x5c441eb7e630 (10 bytes)
1742734507.826182 sending message 112 to peer 0x5c441eb7e630 (17 bytes)
1742734507.826185 sending message 112 to peer 0x5c441eb7e630 (10 bytes)
1742734507.826187 sending message 112 to peer 0x5c441eb7e630 (13 bytes)
1742734507.826189 sending message 112 to peer 0x5c441eb7e630 (9 bytes)
1742734507.826191 sending message 112 to peer 0x5c441eb7e630 (5 bytes)
1742734507.826193 sending message 112 to peer 0x5c441eb7e630 (15 bytes)
1742734507.826196 sending message 104 to peer 0x5c441eb7e630 (0 bytes)
1742734507.826199 sending message 110 to peer 0x5c441eb7e630 (0 bytes)
1742734507.826202 sending message 107 to peer 0x5c441eb7e630 (4 bytes)
1742734507.826204 sending message 105 to peer 0x5c441eb7e630 (38 bytes)
1742734507.826207 sending message 105 to peer 0x5c441eb7e630 (62 bytes)
1742734507.826209 sending message 105 to peer 0x5c441eb7e630 (36 bytes)
1742734507.826212 sending message 105 to peer 0x5c441eb7e630 (20 bytes)
1742734507.826214 sending message 105 to peer 0x5c441eb7e630 (54 bytes)
1742734507.826217 sending message 105 to peer 0x5c441eb7e630 (50 bytes)
1742734507.826219 sending message 105 to peer 0x5c441eb7e630 (11 bytes)
1742734507.826223 sending message 105 to peer 0x5c441eb7e630 (12 bytes)
1742734507.826225 sending message 105 to peer 0x5c441eb7e630 (56 bytes)
1742734507.826228 sending message 105 to peer 0x5c441eb7e630 (64 bytes)
1742734507.826234 sending message 105 to peer 0x5c441eb7e630 (17 bytes)
1742734507.826236 sending message 105 to peer 0x5c441eb7e630 (19 bytes)
1742734507.826238 sending message 105 to peer 0x5c441eb7e630 (28 bytes)
1742734507.826241 sending message 105 to peer 0x5c441eb7e630 (22 bytes)
1742734507.826243 sending message 105 to peer 0x5c441eb7e630 (90 bytes)
1742734507.826246 sending message 105 to peer 0x5c441eb7e630 (46 bytes)
1742734507.826248 sending message 105 to peer 0x5c441eb7e630 (17 bytes)
1742734507.826251 sending message 105 to peer 0x5c441eb7e630 (8 bytes)
1742734507.826253 sending message 105 to peer 0x5c441eb7e630 (14 bytes)
1742734507.826256 sending message 105 to peer 0x5c441eb7e630 (32 bytes)
1742734507.826258 sending message 105 to peer 0x5c441eb7e630 (1905 bytes)
1742734507.826270 sending message 105 to peer 0x5c441eb7e630 (27 bytes)
1742734507.826273 sending message 105 to peer 0x5c441eb7e630 (15 bytes)
1742734507.826276 sending message 105 to peer 0x5c441eb7e630 (21 bytes)
1742734507.826278 sending message 105 to peer 0x5c441eb7e630 (46 bytes)
1742734507.826281 sending message 105 to peer 0x5c441eb7e630 (12 bytes)
1742734507.826283 sending message 105 to peer 0x5c441eb7e630 (11 bytes)
1742734507.826286 sending message 105 to peer 0x5c441eb7e630 (180 bytes)
1742734507.826288 sending message 105 to peer 0x5c441eb7e630 (40 bytes)
1742734507.826291 sending message 105 to peer 0x5c441eb7e630 (43 bytes)
1742734507.826293 sending message 105 to peer 0x5c441eb7e630 (24 bytes)
1742734507.826296 sending message 105 to peer 0x5c441eb7e630 (27 bytes)
1742734507.826298 sending message 105 to peer 0x5c441eb7e630 (26 bytes)
1742734507.826301 sending message 105 to peer 0x5c441eb7e630 (39 bytes)
1742734507.826303 sending message 105 to peer 0x5c441eb7e630 (15 bytes)
1742734507.826305 sending message 105 to peer 0x5c441eb7e630 (8 bytes)
1742734507.826307 sending message 105 to peer 0x5c441eb7e630 (19 bytes)
1742734507.826310 sending message 105 to peer 0x5c441eb7e630 (18 bytes)
1742734507.826312 sending message 105 to peer 0x5c441eb7e630 (26 bytes)
1742734507.826314 sending message 105 to peer 0x5c441eb7e630 (35 bytes)
1742734507.826317 sending message 105 to peer 0x5c441eb7e630 (13 bytes)
1742734507.826319 sending message 105 to peer 0x5c441eb7e630 (59 bytes)
1742734507.826322 sending message 105 to peer 0x5c441eb7e630 (11 bytes)
1742734507.826324 sending message 105 to peer 0x5c441eb7e630 (26 bytes)
1742734507.826327 sending message 105 to peer 0x5c441eb7e630 (25 bytes)
1742734507.826329 sending message 105 to peer 0x5c441eb7e630 (31 bytes)
1742734507.826333 sending message 105 to peer 0x5c441eb7e630 (27 bytes)
1742734507.826335 sending message 105 to peer 0x5c441eb7e630 (16 bytes)
1742734507.826337 sending message 105 to peer 0x5c441eb7e630 (25 bytes)
1742734507.826340 sending message 105 to peer 0x5c441eb7e630 (20 bytes)
1742734507.826342 sending message 105 to peer 0x5c441eb7e630 (29 bytes)
1742734507.826345 sending message 105 to peer 0x5c441eb7e630 (31 bytes)
1742734507.826347 sending message 105 to peer 0x5c441eb7e630 (15 bytes)
1742734507.826349 sending message 105 to peer 0x5c441eb7e630 (29 bytes)
1742734507.826352 sending message 105 to peer 0x5c441eb7e630 (17 bytes)
1742734507.826354 sending message 105 to peer 0x5c441eb7e630 (25 bytes)
1742734507.826357 sending message 105 to peer 0x5c441eb7e630 (11 bytes)
1742734507.826359 sending message 105 to peer 0x5c441eb7e630 (27 bytes)
1742734507.826363 sending message 105 to peer 0x5c441eb7e630 (16 bytes)
1742734507.826365 sending message 105 to peer 0x5c441eb7e630 (30 bytes)
1742734507.826367 sending message 105 to peer 0x5c441eb7e630 (24 bytes)
1742734507.826370 sending message 105 to peer 0x5c441eb7e630 (20 bytes)
1742734507.826372 sending message 105 to peer 0x5c441eb7e630 (11 bytes)
1742734507.826375 sending message 105 to peer 0x5c441eb7e630 (13 bytes)
1742734507.826377 sending message 105 to peer 0x5c441eb7e630 (11 bytes)
1742734507.826380 sending message 105 to peer 0x5c441eb7e630 (10 bytes)
1742734507.826382 sending message 106 to peer 0x5c441eb7e630 (0 bytes)
1742734507.826422 sending message 200 to peer 0x5c441eb7e630 (4 bytes)
1742734507.826425 client loop enter
1742734507.828002 peer 0x5c441eb7e630 message 303
1742734507.828012 open write file 2 -
1742734507.828018 sending message 305 to peer 0x5c441eb7e630 (8 bytes)
1742734507.828024 write check file 2
1742734507.828148 peer 0x5c441eb7e630 message 304
1742734507.828155 write 58 to file 2
1742734507.828159 peer 0x5c441eb7e630 message 203
1742734507.828162 file 2 58 bytes left
1742734507.828175 write check file 2
1742734507.828180 client loop exit
