2025-01-11 16:29:35 Loading main app package /usr/lib/obsidian/obsidian.asar
2025-01-11 16:29:35 Checking for update using Github
2025-01-11 16:29:36 Success.
2025-01-11 16:29:36 Latest version is 1.7.7
2025-01-11 16:29:36 App is up to date.
2025-01-11 21:17:53 Loading main app package /usr/lib/obsidian/obsidian.asar
2025-01-11 21:17:54 Checking for update using Github
2025-01-11 21:17:54 Success.
2025-01-11 21:17:54 Latest version is 1.7.7
2025-01-11 21:17:54 App is up to date.
2025-01-13 16:55:33 Loading main app package /usr/lib/obsidian/obsidian.asar
2025-01-13 16:55:33 Checking for update using Github
2025-01-13 16:55:34 Success.
2025-01-13 16:55:34 Latest version is 1.7.7
2025-01-13 16:55:34 App is up to date.
2025-01-13 17:55:33 Checking for update using Github
2025-01-13 17:55:33 Success.
2025-01-13 17:55:33 Latest version is 1.7.7
2025-01-13 17:55:33 App is up to date.
2025-01-13 18:55:33 Checking for update using Github
2025-01-13 18:55:33 Success.
2025-01-13 18:55:33 Latest version is 1.7.7
2025-01-13 18:55:33 App is up to date.
2025-01-13 19:55:33 Checking for update using Github
2025-01-13 19:55:33 Success.
2025-01-13 19:55:33 Latest version is 1.7.7
2025-01-13 19:55:33 App is up to date.
2025-01-21 22:08:37 Loading main app package /usr/lib/obsidian/obsidian.asar
2025-01-21 22:08:37 Checking for update using Github
2025-01-21 22:08:38 Success.
2025-01-21 22:08:38 Latest version is 1.7.7
2025-01-21 22:08:38 App is up to date.
2025-01-25 12:50:03 Loading main app package /usr/lib/obsidian/obsidian.asar
2025-01-25 12:50:03 Checking for update using Github
2025-01-25 12:50:03 Success.
2025-01-25 12:50:03 Latest version is 1.7.7
2025-01-25 12:50:03 App is up to date.
2025-01-25 12:53:28 Loading main app package /usr/lib/obsidian/obsidian.asar
2025-01-25 12:53:29 Checking for update using Github
2025-01-25 12:53:29 Success.
2025-01-25 12:53:29 Latest version is 1.7.7
2025-01-25 12:53:29 App is up to date.
2025-01-27 17:15:19 Loading main app package /usr/lib/obsidian/obsidian.asar
2025-01-27 17:15:19 Checking for update using Github
2025-01-27 17:15:20 Success.
2025-01-27 17:15:20 Latest version is 1.7.7
2025-01-27 17:15:20 App is up to date.
2025-01-27 18:15:19 Checking for update using Github
2025-01-27 18:15:19 Success.
2025-01-27 18:15:19 Latest version is 1.7.7
2025-01-27 18:15:19 App is up to date.
2025-01-27 19:15:19 Checking for update using Github
2025-01-27 19:15:19 Success.
2025-01-27 19:15:19 Latest version is 1.7.7
2025-01-27 19:15:19 App is up to date.
2025-01-27 20:15:19 Checking for update using Github
2025-01-27 20:15:20 Success.
2025-01-27 20:15:20 Latest version is 1.7.7
2025-01-27 20:15:20 App is up to date.
2025-02-03 17:08:29 Loading main app package /usr/lib/obsidian/obsidian.asar
2025-02-03 17:08:29 Checking for update using Github
2025-02-03 17:08:30 Failed to check for update using Github (net::ERR_INTERNET_DISCONNECTED)
2025-02-03 17:08:30 Checking for update using obsidian.md
2025-02-03 17:08:30 Failed to check for update using obsidian.md (net::ERR_INTERNET_DISCONNECTED)
2025-02-03 18:25:43 Checking for update using Github
2025-02-03 18:25:43 Success.
2025-02-03 18:25:43 Latest version is 1.8.4
2025-02-03 18:25:43 Downloading update from https://github.com/obsidianmd/obsidian-releases/releases/download/v1.8.4/obsidian-1.8.4.asar.gz
2025-02-03 18:25:44 Verifying hash & signature. Size= 8123782
2025-02-03 18:25:44 Saving file
2025-02-03 18:25:45 Update complete.
2025-02-03 19:29:11 Checking for update using Github
2025-02-03 19:29:11 Success.
2025-02-03 19:29:11 Latest version is 1.8.4
2025-02-03 19:29:11 An update is already downloaded.
2025-02-10 03:56:48 Loading main app package /usr/lib/obsidian/obsidian.asar
2025-02-10 03:56:48 Checking for update using Github
2025-02-10 03:56:48 Success.
2025-02-10 03:56:48 Latest version is 1.8.4
2025-02-10 03:56:48 App is up to date.
2025-02-10 16:44:50 Loading main app package /usr/lib/obsidian/obsidian.asar
2025-02-10 16:44:50 Checking for update using Github
2025-02-10 16:44:50 Failed to check for update using Github (net::ERR_INTERNET_DISCONNECTED)
2025-02-10 16:44:50 Checking for update using obsidian.md
2025-02-10 16:44:50 Failed to check for update using obsidian.md (net::ERR_INTERNET_DISCONNECTED)
2025-02-10 17:26:51 Loading main app package /usr/lib/obsidian/obsidian.asar
2025-02-10 17:26:51 Checking for update using Github
2025-02-10 17:26:52 Success.
2025-02-10 17:26:52 Latest version is 1.8.4
2025-02-10 17:26:52 App is up to date.
2025-02-10 18:26:51 Checking for update using Github
2025-02-10 18:26:51 Success.
2025-02-10 18:26:51 Latest version is 1.8.4
2025-02-10 18:26:51 App is up to date.
2025-02-10 19:26:51 Checking for update using Github
2025-02-10 19:26:52 Success.
2025-02-10 19:26:52 Latest version is 1.8.4
2025-02-10 19:26:52 App is up to date.
2025-02-10 20:26:52 Checking for update using Github
2025-02-10 20:26:52 Success.
2025-02-10 20:26:52 Latest version is 1.8.4
2025-02-10 20:26:52 App is up to date.
2025-02-10 20:56:51 Loading main app package /usr/lib/obsidian/obsidian.asar
2025-02-10 20:56:51 Checking for update using Github
2025-02-10 20:56:51 Success.
2025-02-10 20:56:51 Latest version is 1.8.4
2025-02-10 20:56:51 App is up to date.
2025-02-14 08:23:24 Loading main app package /usr/lib/obsidian/obsidian.asar
2025-02-14 08:23:24 Checking for update using Github
2025-02-14 08:23:24 Success.
2025-02-14 08:23:24 Latest version is 1.8.4
2025-02-14 08:23:24 App is up to date.
2025-02-17 16:31:49 Loading main app package /usr/lib/obsidian/obsidian.asar
2025-02-17 16:31:49 Checking for update using Github
2025-02-17 16:31:49 Success.
2025-02-17 16:31:49 Latest version is 1.8.4
2025-02-17 16:31:49 App is up to date.
2025-02-17 17:31:49 Checking for update using Github
2025-02-17 17:31:49 Success.
2025-02-17 17:31:49 Latest version is 1.8.4
2025-02-17 17:31:49 App is up to date.
2025-02-17 18:41:44 Checking for update using Github
2025-02-17 18:41:44 Success.
2025-02-17 18:41:44 Latest version is 1.8.4
2025-02-17 18:41:44 App is up to date.
2025-02-17 19:48:18 Checking for update using Github
2025-02-17 19:48:18 Success.
2025-02-17 19:48:18 Latest version is 1.8.4
2025-02-17 19:48:18 App is up to date.
2025-02-17 20:48:18 Checking for update using Github
2025-02-17 20:48:18 Success.
2025-02-17 20:48:18 Latest version is 1.8.4
2025-02-17 20:48:18 App is up to date.
2025-02-28 18:28:00 Loading main app package /usr/lib/obsidian/obsidian.asar
2025-02-28 18:28:00 Checking for update using Github
2025-02-28 18:28:01 Success.
2025-02-28 18:28:01 Latest version is 1.8.7
2025-02-28 18:28:01 App is up to date.
2025-06-28 11:42:42 Loading main app package /nix/store/94srqgl81p5i3m1adk6xh739hf8i8mcd-obsidian-1.8.9/share/obsidian/obsidian.asar
2025-06-28 11:42:42 Checking for update using Github
2025-06-28 11:42:42 Success.
2025-06-28 11:42:42 Latest version is 1.8.10
2025-06-28 11:42:42 Downloading update from https://github.com/obsidianmd/obsidian-releases/releases/download/v1.8.10/obsidian-1.8.10.asar.gz
2025-06-28 11:42:44 Verifying hash & signature. Size= 8128788
2025-06-28 11:42:44 Saving file
2025-06-28 11:42:44 Update complete.
2025-06-28 11:44:07 Loading updated app package /home/ricky/.config/obsidian/obsidian-1.8.10.asar
2025-06-28 11:44:07 Checking for update using Github
2025-06-28 11:44:07 Success.
2025-06-28 11:44:07 Latest version is 1.8.10
2025-06-28 11:44:07 App is up to date.
2025-06-28 11:57:20 Loading updated app package /home/ricky/.config/obsidian/obsidian-1.8.10.asar
2025-06-28 11:57:20 Checking for update using Github
2025-06-28 11:57:21 Success.
2025-06-28 11:57:21 Latest version is 1.8.10
2025-06-28 11:57:21 App is up to date.
2025-06-28 12:08:24 Loading updated app package /home/ricky/.config/obsidian/obsidian-1.8.10.asar
2025-06-28 12:08:24 Checking for update using Github
2025-06-28 12:08:24 Success.
2025-06-28 12:08:24 Latest version is 1.8.10
2025-06-28 12:08:24 App is up to date.
2025-06-28 12:12:11 Loading main app package /opt/Obsidian/resources/obsidian.asar
2025-06-28 12:12:11 Checking for update using Github
2025-06-28 12:12:11 Success.
2025-06-28 12:12:11 Latest version is 1.8.10
2025-06-28 12:12:11 App is up to date.
2025-06-28 13:12:11 Checking for update using Github
2025-06-28 13:12:11 Success.
2025-06-28 13:12:11 Latest version is 1.8.10
2025-06-28 13:12:11 App is up to date.
2025-06-28 14:12:11 Checking for update using Github
2025-06-28 14:12:11 Success.
2025-06-28 14:12:11 Latest version is 1.8.10
2025-06-28 14:12:11 App is up to date.
2025-06-28 20:29:36 Loading main app package /opt/Obsidian/resources/obsidian.asar
2025-06-28 20:29:36 Checking for update using Github
2025-06-28 20:29:36 Success.
2025-06-28 20:29:36 Latest version is 1.8.10
2025-06-28 20:29:36 App is up to date.
2025-06-28 20:50:03 Loading main app package /opt/Obsidian/resources/obsidian.asar
2025-06-28 20:50:04 Checking for update using Github
2025-06-28 20:50:04 Success.
2025-06-28 20:50:04 Latest version is 1.8.10
2025-06-28 20:50:04 App is up to date.
2025-06-28 20:58:32 Loading main app package /opt/Obsidian/resources/obsidian.asar
2025-06-28 20:58:32 Checking for update using Github
2025-06-28 20:58:32 Success.
2025-06-28 20:58:32 Latest version is 1.8.10
2025-06-28 20:58:32 App is up to date.
2025-06-28 22:03:08 Checking for update using Github
2025-06-28 22:03:08 Success.
2025-06-28 22:03:08 Latest version is 1.8.10
2025-06-28 22:03:08 App is up to date.
2025-06-29 05:25:57 Checking for update using Github
2025-06-29 05:25:57 Success.
2025-06-29 05:25:57 Latest version is 1.8.10
2025-06-29 05:25:57 App is up to date.
2025-06-29 06:25:57 Checking for update using Github
2025-06-29 06:25:57 Success.
2025-06-29 06:25:57 Latest version is 1.8.10
2025-06-29 06:25:57 App is up to date.
2025-06-29 20:41:08 Loading main app package /opt/Obsidian/resources/obsidian.asar
2025-06-29 20:41:09 Checking for update using Github
2025-06-29 20:41:09 Success.
2025-06-29 20:41:09 Latest version is 1.8.10
2025-06-29 20:41:09 App is up to date.
2025-07-01 17:01:08 Loading main app package /opt/Obsidian/resources/obsidian.asar
2025-07-01 17:01:08 Checking for update using Github
2025-07-01 17:01:09 Success.
2025-07-01 17:01:09 Latest version is 1.8.10
2025-07-01 17:01:09 App is up to date.
2025-07-01 17:41:38 Loading main app package /opt/Obsidian/resources/obsidian.asar
2025-07-01 17:41:38 Checking for update using Github
2025-07-01 17:41:38 Success.
2025-07-01 17:41:38 Latest version is 1.8.10
2025-07-01 17:41:38 App is up to date.
2025-07-01 17:54:11 Loading main app package /opt/Obsidian/resources/obsidian.asar
2025-07-01 17:54:11 Checking for update using Github
2025-07-01 17:54:12 Success.
2025-07-01 17:54:12 Latest version is 1.8.10
2025-07-01 17:54:12 App is up to date.
2025-07-01 18:54:11 Checking for update using Github
2025-07-01 18:54:11 Success.
2025-07-01 18:54:11 Latest version is 1.8.10
2025-07-01 18:54:11 App is up to date.
2025-07-01 20:14:54 Loading main app package /opt/Obsidian/resources/obsidian.asar
2025-07-01 20:14:55 Checking for update using Github
2025-07-01 20:14:55 Success.
2025-07-01 20:14:55 Latest version is 1.8.10
2025-07-01 20:14:55 App is up to date.
2025-07-01 20:28:00 Loading main app package /opt/Obsidian/resources/obsidian.asar
2025-07-01 20:28:00 Checking for update using Github
2025-07-01 20:28:00 Success.
2025-07-01 20:28:00 Latest version is 1.8.10
2025-07-01 20:28:00 App is up to date.
2025-07-02 20:15:04 Loading main app package /opt/Obsidian/resources/obsidian.asar
2025-07-02 20:15:04 Checking for update using Github
2025-07-02 20:15:04 Success.
2025-07-02 20:15:04 Latest version is 1.8.10
2025-07-02 20:15:04 App is up to date.
2025-07-03 20:21:19 Loading main app package /opt/Obsidian/resources/obsidian.asar
2025-07-03 20:21:20 Checking for update using Github
2025-07-03 20:21:20 Success.
2025-07-03 20:21:20 Latest version is 1.8.10
2025-07-03 20:21:20 App is up to date.
2025-07-05 07:57:34 Loading main app package /opt/Obsidian/resources/obsidian.asar
2025-07-05 07:57:34 Checking for update using Github
2025-07-05 07:57:34 Success.
2025-07-05 07:57:34 Latest version is 1.8.10
2025-07-05 07:57:34 App is up to date.
2025-07-06 12:34:01 Loading main app package /opt/Obsidian/resources/obsidian.asar
2025-07-06 12:34:01 Checking for update using Github
2025-07-06 12:34:01 Success.
2025-07-06 12:34:01 Latest version is 1.8.10
2025-07-06 12:34:01 App is up to date.
2025-07-06 12:53:10 Loading main app package /opt/Obsidian/resources/obsidian.asar
2025-07-06 12:53:10 Checking for update using Github
2025-07-06 12:53:11 Success.
2025-07-06 12:53:11 Latest version is 1.8.10
2025-07-06 12:53:11 App is up to date.
2025-07-06 12:54:28 Loading main app package /opt/Obsidian/resources/obsidian.asar
2025-07-06 12:54:28 Checking for update using Github
2025-07-06 12:54:28 Success.
2025-07-06 12:54:28 Latest version is 1.8.10
2025-07-06 12:54:28 App is up to date.
2025-07-06 15:31:47 Loading main app package /opt/Obsidian/resources/obsidian.asar
2025-07-06 15:31:47 Checking for update using Github
2025-07-06 15:31:47 Success.
2025-07-06 15:31:47 Latest version is 1.8.10
2025-07-06 15:31:47 App is up to date.
2025-07-06 15:56:44 Loading main app package /opt/Obsidian/resources/obsidian.asar
2025-07-06 15:56:44 Checking for update using Github
2025-07-06 15:56:44 Success.
2025-07-06 15:56:44 Latest version is 1.8.10
2025-07-06 15:56:44 App is up to date.
2025-07-06 16:29:24 Loading main app package /opt/Obsidian/resources/obsidian.asar
2025-07-06 16:29:24 Checking for update using Github
2025-07-06 16:29:24 Success.
2025-07-06 16:29:24 Latest version is 1.8.10
2025-07-06 16:29:24 App is up to date.
2025-07-06 19:07:46 Checking for update using Github
2025-07-06 19:07:47 Success.
2025-07-06 19:07:47 Latest version is 1.8.10
2025-07-06 19:07:47 App is up to date.
2025-07-11 20:45:27 Loading main app package /opt/Obsidian/resources/obsidian.asar
2025-07-11 20:45:27 Checking for update using Github
2025-07-11 20:45:28 Success.
2025-07-11 20:45:28 Latest version is 1.8.10
2025-07-11 20:45:28 App is up to date.
2025-07-14 19:03:08 Loading main app package /opt/Obsidian/resources/obsidian.asar
2025-07-14 19:03:09 Checking for update using Github
2025-07-14 19:03:09 Success.
2025-07-14 19:03:09 Latest version is 1.8.10
2025-07-14 19:03:09 App is up to date.
2025-07-17 20:12:02 Loading main app package /opt/Obsidian/resources/obsidian.asar
2025-07-17 20:12:02 Checking for update using Github
2025-07-17 20:12:02 Success.
2025-07-17 20:12:02 Latest version is 1.8.10
2025-07-17 20:12:02 App is up to date.
2025-07-18 12:52:43 Loading main app package /opt/Obsidian/resources/obsidian.asar
2025-07-18 12:52:43 Checking for update using Github
2025-07-18 12:52:43 Success.
2025-07-18 12:52:43 Latest version is 1.8.10
2025-07-18 12:52:43 App is up to date.
2025-07-18 12:53:54 Loading main app package /opt/Obsidian/resources/obsidian.asar
2025-07-18 12:53:55 Checking for update using Github
2025-07-18 12:53:55 Success.
2025-07-18 12:53:55 Latest version is 1.8.10
2025-07-18 12:53:55 App is up to date.
2025-07-20 18:54:32 Loading main app package /opt/Obsidian/resources/obsidian.asar
2025-07-20 18:54:32 Checking for update using Github
2025-07-20 18:54:32 Success.
2025-07-20 18:54:32 Latest version is 1.8.10
2025-07-20 18:54:32 App is up to date.
2025-07-20 19:17:06 Loading main app package /opt/Obsidian/resources/obsidian.asar
2025-07-20 19:17:06 Checking for update using Github
2025-07-20 19:17:06 Success.
2025-07-20 19:17:06 Latest version is 1.8.10
2025-07-20 19:17:06 App is up to date.
2025-07-26 06:52:54 Loading main app package /opt/Obsidian/resources/obsidian.asar
2025-07-26 06:52:54 Checking for update using Github
2025-07-26 06:52:54 Success.
2025-07-26 06:52:54 Latest version is 1.8.10
2025-07-26 06:52:54 App is up to date.
2025-07-26 15:52:03 Loading main app package /opt/Obsidian/resources/obsidian.asar
2025-07-26 15:52:03 Checking for update using Github
2025-07-26 15:52:03 Success.
2025-07-26 15:52:03 Latest version is 1.8.10
2025-07-26 15:52:03 App is up to date.
2025-07-26 16:12:08 Loading main app package /opt/Obsidian/resources/obsidian.asar
2025-07-26 16:12:08 Checking for update using Github
2025-07-26 16:12:08 Success.
2025-07-26 16:12:08 Latest version is 1.8.10
2025-07-26 16:12:08 App is up to date.
2025-07-26 17:49:09 Checking for update using Github
2025-07-26 17:49:09 Success.
2025-07-26 17:49:09 Latest version is 1.8.10
2025-07-26 17:49:09 App is up to date.
2025-07-26 21:00:21 Checking for update using Github
2025-07-26 21:00:21 Success.
2025-07-26 21:00:21 Latest version is 1.8.10
2025-07-26 21:00:21 App is up to date.
2025-07-26 22:00:21 Checking for update using Github
2025-07-26 22:00:21 Success.
2025-07-26 22:00:21 Latest version is 1.8.10
2025-07-26 22:00:21 App is up to date.
2025-07-26 23:00:21 Checking for update using Github
2025-07-26 23:00:21 Success.
2025-07-26 23:00:21 Latest version is 1.8.10
2025-07-26 23:00:21 App is up to date.
2025-07-27 04:11:31 Checking for update using Github
2025-07-27 04:11:32 Success.
2025-07-27 04:11:32 Latest version is 1.8.10
2025-07-27 04:11:32 App is up to date.
2025-07-27 05:11:31 Checking for update using Github
2025-07-27 05:11:32 Success.
2025-07-27 05:11:32 Latest version is 1.8.10
2025-07-27 05:11:32 App is up to date.
2025-07-27 07:03:56 Loading main app package /opt/Obsidian/resources/obsidian.asar
2025-07-27 07:03:56 Checking for update using Github
2025-07-27 07:03:56 Success.
2025-07-27 07:03:56 Latest version is 1.8.10
2025-07-27 07:03:56 App is up to date.
2025-07-27 20:21:49 Loading main app package /opt/Obsidian/resources/obsidian.asar
2025-07-27 20:21:49 Checking for update using Github
2025-07-27 20:21:49 Success.
2025-07-27 20:21:49 Latest version is 1.8.10
2025-07-27 20:21:49 App is up to date.
2025-07-27 21:21:49 Checking for update using Github
2025-07-27 21:21:49 Success.
2025-07-27 21:21:49 Latest version is 1.8.10
2025-07-27 21:21:49 App is up to date.
2025-07-28 05:57:29 Checking for update using Github
2025-07-28 05:57:29 Success.
2025-07-28 05:57:29 Latest version is 1.8.10
2025-07-28 05:57:29 App is up to date.
2025-07-28 06:57:29 Checking for update using Github
2025-07-28 06:57:29 Success.
2025-07-28 06:57:29 Latest version is 1.8.10
2025-07-28 06:57:29 App is up to date.
2025-07-28 10:51:33 Loading main app package /opt/Obsidian/resources/obsidian.asar
2025-07-28 10:51:33 Checking for update using Github
2025-07-28 10:51:33 Success.
2025-07-28 10:51:33 Latest version is 1.8.10
2025-07-28 10:51:33 App is up to date.
2025-08-09 21:35:04 Loading main app package /opt/Obsidian/resources/obsidian.asar
2025-08-09 21:35:04 Checking for update using Github
2025-08-09 21:35:05 Success.
2025-08-09 21:35:05 Latest version is 1.8.10
2025-08-09 21:35:05 App is up to date.
2025-08-09 22:35:04 Checking for update using Github
2025-08-09 22:35:04 Success.
2025-08-09 22:35:04 Latest version is 1.8.10
2025-08-09 22:35:04 App is up to date.
2025-08-09 23:35:04 Checking for update using Github
2025-08-09 23:35:04 Success.
2025-08-09 23:35:04 Latest version is 1.8.10
2025-08-09 23:35:04 App is up to date.
2025-08-11 00:26:22 Loading main app package /opt/Obsidian/resources/obsidian.asar
2025-08-11 00:26:23 Checking for update using Github
2025-08-11 00:26:23 Success.
2025-08-11 00:26:23 Latest version is 1.8.10
2025-08-11 00:26:23 App is up to date.
2025-08-13 09:52:45 Loading main app package /opt/Obsidian/resources/obsidian.asar
2025-08-13 09:52:46 Checking for update using Github
2025-08-13 09:52:46 Success.
2025-08-13 09:52:46 Latest version is 1.8.10
2025-08-13 09:52:46 App is up to date.
2025-08-13 13:16:22 Checking for update using Github
2025-08-13 13:16:22 Success.
2025-08-13 13:16:22 Latest version is 1.8.10
2025-08-13 13:16:22 App is up to date.
2025-08-13 15:36:41 Checking for update using Github
2025-08-13 15:36:41 Success.
2025-08-13 15:36:41 Latest version is 1.8.10
2025-08-13 15:36:41 App is up to date.
2025-08-14 23:01:11 Loading main app package /opt/Obsidian/resources/obsidian.asar
2025-08-14 23:01:11 Checking for update using Github
2025-08-14 23:01:11 Success.
2025-08-14 23:01:11 Latest version is 1.8.10
2025-08-14 23:01:11 App is up to date.
2025-08-14 23:05:42 Loading main app package /opt/Obsidian/resources/obsidian.asar
2025-08-14 23:05:42 Checking for update using Github
2025-08-14 23:05:42 Success.
2025-08-14 23:05:42 Latest version is 1.8.10
2025-08-14 23:05:42 App is up to date.
